<?xml version="1.0" encoding="UTF-8"?>
<!-- Generated by org.testng.reporters.JUnitReportReporter -->
<testsuite hostname="BalajiV" failures="0" tests="8" name="org.test.SauceDemoAssessment" time="14.579" errors="0" timestamp="2024-01-13T18:29:58 IST" skipped="0">
  <testcase classname="org.test.SauceDemoAssessment" name="tc3" time="0.606"/>
  <testcase classname="org.test.SauceDemoAssessment" name="tc1" time="0.431"/>
  <testcase classname="org.test.SauceDemoAssessment" name="tc1" time="0.880"/>
  <testcase classname="org.test.SauceDemoAssessment" name="tc6" time="0.281"/>
  <testcase classname="org.test.SauceDemoAssessment" name="tc1" time="0.521"/>
  <testcase classname="org.test.SauceDemoAssessment" name="tc2" time="10.298"/>
  <testcase classname="org.test.SauceDemoAssessment" name="tc4" time="1.407"/>
  <testcase classname="org.test.SauceDemoAssessment" name="tc5" time="0.155"/>
</testsuite> <!-- org.test.SauceDemoAssessment -->
