<?xml version="1.0" encoding="UTF-8"?>
<!-- Generated by org.testng.reporters.JUnitReportReporter -->
<testsuite hostname="DESKTOP-3JTPO5E" failures="0" tests="8" name="org.test.Execution" time="6.620" errors="0" timestamp="2024-01-08T19:00:51 IST" skipped="0">
  <testcase classname="org.test.Execution" name="tc1" time="0.667"/>
  <testcase classname="org.test.Execution" name="tc1" time="0.260"/>
  <testcase classname="org.test.Execution" name="tc5" time="0.078"/>
  <testcase classname="org.test.Execution" name="tc3" time="0.597"/>
  <testcase classname="org.test.Execution" name="tc1" time="0.346"/>
  <testcase classname="org.test.Execution" name="tc6" time="0.171"/>
  <testcase classname="org.test.Execution" name="tc2" time="4.097"/>
  <testcase classname="org.test.Execution" name="tc4" time="0.404"/>
</testsuite> <!-- org.test.Execution -->
