<?xml version="1.0" encoding="UTF-8"?>
<!-- Generated by org.testng.reporters.JUnitReportReporter -->
<testsuite hostname="BalajiV" failures="0" tests="3" name="org.test.ReqResAssessment" time="3.598" errors="0" timestamp="2024-01-13T18:29:58 IST" skipped="0">
  <testcase classname="org.test.ReqResAssessment" name="postUser" time="1.252"/>
  <testcase classname="org.test.ReqResAssessment" name="getSingle" time="0.304"/>
  <testcase classname="org.test.ReqResAssessment" name="getList" time="2.042"/>
</testsuite> <!-- org.test.ReqResAssessment -->
