<?xml version="1.0" encoding="UTF-8"?>
<!-- Generated by org.testng.reporters.JUnitReportReporter -->
<testsuite hostname="DESKTOP-3JTPO5E" failures="0" tests="1" name="testing.pack.ExecutionAPI" time="0.389" errors="0" timestamp="2024-01-12T22:06:48 IST" skipped="0">
  <testcase classname="testing.pack.ExecutionAPI" name="tca" time="0.389"/>
  <system-out/>
</testsuite> <!-- testing.pack.ExecutionAPI -->
