<?xml version="1.0" encoding="UTF-8"?>
<!-- Generated by org.testng.reporters.JUnitReportReporter -->
<testsuite skipped="0" hostname="DESKTOP-3JTPO5E" name="org.sample.Login" tests="1" failures="0" timestamp="30 Nov 2023 06:47:05 GMT" time="9.657" errors="0">
  <testcase name="tc" time="9.657" classname="org.sample.Login"/>
</testsuite> <!-- org.sample.Login -->
